# JRE version: Java(TM) SE Runtime Environment (8.0_51-b16) (build 1.8.0_51-b16)
# Java VM: Java HotSpot(TM) 64-Bit Server VM (25.51-b03 mixed mode windows-amd64 compressed oops)
Heap:
 PSYoungGen      total 136192K, used 7141K [0x00000000eab00000, 0x00000000f4180000, 0x0000000100000000)
  eden space 119808K, 5% used [0x00000000eab00000,0x00000000eb1f96b8,0x00000000f2000000)
  from space 16384K, 0% used [0x00000000f2000000,0x00000000f2000000,0x00000000f3000000)
  to   space 12800K, 0% used [0x00000000f3000000,0x00000000f3000000,0x00000000f3c80000)
 ParOldGen       total 63488K, used 19434K [0x00000000c0000000, 0x00000000c3e00000, 0x00000000eab00000)
  object space 63488K, 30% used [0x00000000c0000000,0x00000000c12faa78,0x00000000c3e00000)
 Metaspace       used 34476K, capacity 35480K, committed 35584K, reserved 1079296K
  class space    used 4620K, capacity 5043K, committed 5120K, reserved 1048576K
GC Heap History (10 events):
Event: 9.216 GC heap before
{Heap before GC invocations=11 (full 1):
 PSYoungGen      total 81408K, used 72052K [0x00000000eab00000, 0x00000000f1e80000, 0x0000000100000000)
  eden space 70144K, 100% used [0x00000000eab00000,0x00000000eef80000,0x00000000eef80000)
  from space 11264K, 16% used [0x00000000eef80000,0x00000000ef15d0f0,0x00000000efa80000)
  to   space 11264K, 0% used [0x00000000f1380000,0x00000000f1380000,0x00000000f1e80000)
 ParOldGen       total 63488K, used 8294K [0x00000000c0000000, 0x00000000c3e00000, 0x00000000eab00000)
  object space 63488K, 13% used [0x00000000c0000000,0x00000000c0819950,0x00000000c3e00000)
 Metaspace       used 22331K, capacity 22914K, committed 23168K, reserved 1069056K
  class space    used 2941K, capacity 3146K, committed 3200K, reserved 1048576K
Event: 9.223 GC heap after
Heap after GC invocations=11 (full 1):
 PSYoungGen      total 102912K, used 2392K [0x00000000eab00000, 0x00000000f1c00000, 0x0000000100000000)
  eden space 94208K, 0% used [0x00000000eab00000,0x00000000eab00000,0x00000000f0700000)
  from space 8704K, 27% used [0x00000000f1380000,0x00000000f15d6130,0x00000000f1c00000)
  to   space 10752K, 0% used [0x00000000f0700000,0x00000000f0700000,0x00000000f1180000)
 ParOldGen       total 63488K, used 8294K [0x00000000c0000000, 0x00000000c3e00000, 0x00000000eab00000)
  object space 63488K, 13% used [0x00000000c0000000,0x00000000c0819950,0x00000000c3e00000)
 Metaspace       used 22331K, capacity 22914K, committed 23168K, reserved 1069056K
  class space    used 2941K, capacity 3146K, committed 3200K, reserved 1048576K
}
Event: 11.753 GC heap before
{Heap before GC invocations=12 (full 1):
 PSYoungGen      total 102912K, used 96600K [0x00000000eab00000, 0x00000000f1c00000, 0x0000000100000000)
  eden space 94208K, 100% used [0x00000000eab00000,0x00000000f0700000,0x00000000f0700000)
  from space 8704K, 27% used [0x00000000f1380000,0x00000000f15d6130,0x00000000f1c00000)
  to   space 10752K, 0% used [0x00000000f0700000,0x00000000f0700000,0x00000000f1180000)
 ParOldGen       total 63488K, used 8294K [0x00000000c0000000, 0x00000000c3e00000, 0x00000000eab00000)
  object space 63488K, 13% used [0x00000000c0000000,0x00000000c0819950,0x00000000c3e00000)
 Metaspace       used 26878K, capacity 27710K, committed 28032K, reserved 1073152K
  class space    used 3595K, capacity 3888K, committed 3968K, reserved 1048576K
Event: 11.767 GC heap after
Heap after GC invocations=12 (full 1):
 PSYoungGen      total 104960K, used 10748K [0x00000000eab00000, 0x00000000f3c80000, 0x0000000100000000)
  eden space 94208K, 0% used [0x00000000eab00000,0x00000000eab00000,0x00000000f0700000)
  from space 10752K, 99% used [0x00000000f0700000,0x00000000f117f2f8,0x00000000f1180000)
  to   space 12800K, 0% used [0x00000000f3000000,0x00000000f3000000,0x00000000f3c80000)
 ParOldGen       total 63488K, used 9035K [0x00000000c0000000, 0x00000000c3e00000, 0x00000000eab00000)
  object space 63488K, 14% used [0x00000000c0000000,0x00000000c08d2ff8,0x00000000c3e00000)
 Metaspace       used 26878K, capacity 27710K, committed 28032K, reserved 1073152K
  class space    used 3595K, capacity 3888K, committed 3968K, reserved 1048576K
}
Event: 14.583 GC heap before
{Heap before GC invocations=13 (full 1):
 PSYoungGen      total 104960K, used 104956K [0x00000000eab00000, 0x00000000f3c80000, 0x0000000100000000)
  eden space 94208K, 100% used [0x00000000eab00000,0x00000000f0700000,0x00000000f0700000)
  from space 10752K, 99% used [0x00000000f0700000,0x00000000f117f2f8,0x00000000f1180000)
  to   space 12800K, 0% used [0x00000000f3000000,0x00000000f3000000,0x00000000f3c80000)
 ParOldGen       total 63488K, used 9035K [0x00000000c0000000, 0x00000000c3e00000, 0x00000000eab00000)
  object space 63488K, 14% used [0x00000000c0000000,0x00000000c08d2ff8,0x00000000c3e00000)
 Metaspace       used 33906K, capacity 34852K, committed 34944K, reserved 1079296K
  class space    used 4534K, capacity 4917K, committed 4992K, reserved 1048576K
Event: 14.602 GC heap after
Heap after GC invocations=13 (full 1):
 PSYoungGen      total 132608K, used 12796K [0x00000000eab00000, 0x00000000f4180000, 0x0000000100000000)
  eden space 119808K, 0% used [0x00000000eab00000,0x00000000eab00000,0x00000000f2000000)
  from space 12800K, 99% used [0x00000000f3000000,0x00000000f3c7f3c8,0x00000000f3c80000)
  to   space 16384K, 0% used [0x00000000f2000000,0x00000000f2000000,0x00000000f3000000)
 ParOldGen       total 63488K, used 12986K [0x00000000c0000000, 0x00000000c3e00000, 0x00000000eab00000)
  object space 63488K, 20% used [0x00000000c0000000,0x00000000c0caead0,0x00000000c3e00000)
 Metaspace       used 33906K, capacity 34852K, committed 34944K, reserved 1079296K
  class space    used 4534K, capacity 4917K, committed 4992K, reserved 1048576K
}
Event: 14.768 GC heap before
{Heap before GC invocations=14 (full 1):
 PSYoungGen      total 132608K, used 22377K [0x00000000eab00000, 0x00000000f4180000, 0x0000000100000000)
  eden space 119808K, 7% used [0x00000000eab00000,0x00000000eb45b3f8,0x00000000f2000000)
  from space 12800K, 99% used [0x00000000f3000000,0x00000000f3c7f3c8,0x00000000f3c80000)
  to   space 16384K, 0% used [0x00000000f2000000,0x00000000f2000000,0x00000000f3000000)
 ParOldGen       total 63488K, used 12986K [0x00000000c0000000, 0x00000000c3e00000, 0x00000000eab00000)
  object space 63488K, 20% used [0x00000000c0000000,0x00000000c0caead0,0x00000000c3e00000)
 Metaspace       used 34362K, capacity 35384K, committed 35456K, reserved 1079296K
  class space    used 4590K, capacity 4987K, committed 4992K, reserved 1048576K
Event: 14.798 GC heap after
Heap after GC invocations=14 (full 1):
 PSYoungGen      total 136192K, used 11474K [0x00000000eab00000, 0x00000000f4180000, 0x0000000100000000)
  eden space 119808K, 0% used [0x00000000eab00000,0x00000000eab00000,0x00000000f2000000)
  from space 16384K, 70% used [0x00000000f2000000,0x00000000f2b34ac8,0x00000000f3000000)
  to   space 12800K, 0% used [0x00000000f3000000,0x00000000f3000000,0x00000000f3c80000)
 ParOldGen       total 63488K, used 13530K [0x00000000c0000000, 0x00000000c3e00000, 0x00000000eab00000)
  object space 63488K, 21% used [0x00000000c0000000,0x00000000c0d36ad0,0x00000000c3e00000)
 Metaspace       used 34362K, capacity 35384K, committed 35456K, reserved 1079296K
  class space    used 4590K, capacity 4987K, committed 4992K, reserved 1048576K
}
Event: 14.798 GC heap before
{Heap before GC invocations=15 (full 2):
 PSYoungGen      total 136192K, used 11474K [0x00000000eab00000, 0x00000000f4180000, 0x0000000100000000)
  eden space 119808K, 0% used [0x00000000eab00000,0x00000000eab00000,0x00000000f2000000)
  from space 16384K, 70% used [0x00000000f2000000,0x00000000f2b34ac8,0x00000000f3000000)
  to   space 12800K, 0% used [0x00000000f3000000,0x00000000f3000000,0x00000000f3c80000)
 ParOldGen       total 63488K, used 13530K [0x00000000c0000000, 0x00000000c3e00000, 0x00000000eab00000)
  object space 63488K, 21% used [0x00000000c0000000,0x00000000c0d36ad0,0x00000000c3e00000)
 Metaspace       used 34362K, capacity 35384K, committed 35456K, reserved 1079296K
  class space    used 4590K, capacity 4987K, committed 4992K, reserved 1048576K
Event: 15.022 GC heap after
Heap after GC invocations=15 (full 2):
 PSYoungGen      total 136192K, used 0K [0x00000000eab00000, 0x00000000f4180000, 0x0000000100000000)
  eden space 119808K, 0% used [0x00000000eab00000,0x00000000eab00000,0x00000000f2000000)
  from space 16384K, 0% used [0x00000000f2000000,0x00000000f2000000,0x00000000f3000000)
  to   space 12800K, 0% used [0x00000000f3000000,0x00000000f3000000,0x00000000f3c80000)
 ParOldGen       total 63488K, used 19434K [0x00000000c0000000, 0x00000000c3e00000, 0x00000000eab00000)
  object space 63488K, 30% used [0x00000000c0000000,0x00000000c12faa78,0x00000000c3e00000)
 Metaspace       used 34328K, capacity 35270K, committed 35456K, reserved 1079296K
  class space    used 4584K, capacity 4953K, committed 4992K, reserved 1048576K
}

