# JRE version: Java(TM) SE Runtime Environment (8.0_51-b16) (build 1.8.0_51-b16)
# Java VM: Java HotSpot(TM) 64-Bit Server VM (25.51-b03 mixed mode windows-amd64 compressed oops)
Heap:
 PSYoungGen      total 111616K, used 13650K [0x00000000eab00000, 0x00000000f4580000, 0x0000000100000000)
  eden space 98816K, 13% used [0x00000000eab00000,0x00000000eb854a20,0x00000000f0b80000)
  from space 12800K, 0% used [0x00000000f0b80000,0x00000000f0b80000,0x00000000f1800000)
  to   space 16896K, 0% used [0x00000000f3500000,0x00000000f3500000,0x00000000f4580000)
 ParOldGen       total 69120K, used 23856K [0x00000000c0000000, 0x00000000c4380000, 0x00000000eab00000)
  object space 69120K, 34% used [0x00000000c0000000,0x00000000c174c128,0x00000000c4380000)
 Metaspace       used 34905K, capacity 35982K, committed 36136K, reserved 1081344K
  class space    used 4687K, capacity 5125K, committed 5160K, reserved 1048576K
GC Heap History (10 events):
Event: 6.308 GC heap before
{Heap before GC invocations=11 (full 1):
 PSYoungGen      total 72192K, used 62792K [0x00000000eab00000, 0x00000000f0e80000, 0x0000000100000000)
  eden space 60928K, 100% used [0x00000000eab00000,0x00000000ee680000,0x00000000ee680000)
  from space 11264K, 16% used [0x00000000ee680000,0x00000000ee852100,0x00000000ef180000)
  to   space 11264K, 0% used [0x00000000f0380000,0x00000000f0380000,0x00000000f0e80000)
 ParOldGen       total 69120K, used 8285K [0x00000000c0000000, 0x00000000c4380000, 0x00000000eab00000)
  object space 69120K, 11% used [0x00000000c0000000,0x00000000c08176e8,0x00000000c4380000)
 Metaspace       used 22316K, capacity 22850K, committed 22912K, reserved 1069056K
  class space    used 2943K, capacity 3146K, committed 3200K, reserved 1048576K
Event: 6.312 GC heap after
Heap after GC invocations=11 (full 1):
 PSYoungGen      total 87552K, used 2260K [0x00000000eab00000, 0x00000000f0c80000, 0x0000000100000000)
  eden space 78336K, 0% used [0x00000000eab00000,0x00000000eab00000,0x00000000ef780000)
  from space 9216K, 24% used [0x00000000f0380000,0x00000000f05b50f0,0x00000000f0c80000)
  to   space 10752K, 0% used [0x00000000ef780000,0x00000000ef780000,0x00000000f0200000)
 ParOldGen       total 69120K, used 8285K [0x00000000c0000000, 0x00000000c4380000, 0x00000000eab00000)
  object space 69120K, 11% used [0x00000000c0000000,0x00000000c08176e8,0x00000000c4380000)
 Metaspace       used 22316K, capacity 22850K, committed 22912K, reserved 1069056K
  class space    used 2943K, capacity 3146K, committed 3200K, reserved 1048576K
}
Event: 7.042 GC heap before
{Heap before GC invocations=12 (full 1):
 PSYoungGen      total 87552K, used 80596K [0x00000000eab00000, 0x00000000f0c80000, 0x0000000100000000)
  eden space 78336K, 100% used [0x00000000eab00000,0x00000000ef780000,0x00000000ef780000)
  from space 9216K, 24% used [0x00000000f0380000,0x00000000f05b50f0,0x00000000f0c80000)
  to   space 10752K, 0% used [0x00000000ef780000,0x00000000ef780000,0x00000000f0200000)
 ParOldGen       total 69120K, used 8285K [0x00000000c0000000, 0x00000000c4380000, 0x00000000eab00000)
  object space 69120K, 11% used [0x00000000c0000000,0x00000000c08176e8,0x00000000c4380000)
 Metaspace       used 23877K, capacity 24610K, committed 24960K, reserved 1071104K
  class space    used 3112K, capacity 3358K, committed 3456K, reserved 1048576K
Event: 7.056 GC heap after
Heap after GC invocations=12 (full 1):
 PSYoungGen      total 89088K, used 5711K [0x00000000eab00000, 0x00000000f2280000, 0x0000000100000000)
  eden space 78336K, 0% used [0x00000000eab00000,0x00000000eab00000,0x00000000ef780000)
  from space 10752K, 53% used [0x00000000ef780000,0x00000000efd13f40,0x00000000f0200000)
  to   space 10752K, 0% used [0x00000000f1800000,0x00000000f1800000,0x00000000f2280000)
 ParOldGen       total 69120K, used 8293K [0x00000000c0000000, 0x00000000c4380000, 0x00000000eab00000)
  object space 69120K, 11% used [0x00000000c0000000,0x00000000c08196e8,0x00000000c4380000)
 Metaspace       used 23877K, capacity 24610K, committed 24960K, reserved 1071104K
  class space    used 3112K, capacity 3358K, committed 3456K, reserved 1048576K
}
Event: 8.820 GC heap before
{Heap before GC invocations=13 (full 1):
 PSYoungGen      total 89088K, used 84047K [0x00000000eab00000, 0x00000000f2280000, 0x0000000100000000)
  eden space 78336K, 100% used [0x00000000eab00000,0x00000000ef780000,0x00000000ef780000)
  from space 10752K, 53% used [0x00000000ef780000,0x00000000efd13f40,0x00000000f0200000)
  to   space 10752K, 0% used [0x00000000f1800000,0x00000000f1800000,0x00000000f2280000)
 ParOldGen       total 69120K, used 8293K [0x00000000c0000000, 0x00000000c4380000, 0x00000000eab00000)
  object space 69120K, 11% used [0x00000000c0000000,0x00000000c08196e8,0x00000000c4380000)
 Metaspace       used 29243K, capacity 30064K, committed 30336K, reserved 1075200K
  class space    used 3867K, capacity 4179K, committed 4224K, reserved 1048576K
Event: 8.834 GC heap after
Heap after GC invocations=13 (full 1):
 PSYoungGen      total 109568K, used 10750K [0x00000000eab00000, 0x00000000f2480000, 0x0000000100000000)
  eden space 98816K, 0% used [0x00000000eab00000,0x00000000eab00000,0x00000000f0b80000)
  from space 10752K, 99% used [0x00000000f1800000,0x00000000f227f980,0x00000000f2280000)
  to   space 12800K, 0% used [0x00000000f0b80000,0x00000000f0b80000,0x00000000f1800000)
 ParOldGen       total 69120K, used 9474K [0x00000000c0000000, 0x00000000c4380000, 0x00000000eab00000)
  object space 69120K, 13% used [0x00000000c0000000,0x00000000c0940970,0x00000000c4380000)
 Metaspace       used 29243K, capacity 30064K, committed 30336K, reserved 1075200K
  class space    used 3867K, capacity 4179K, committed 4224K, reserved 1048576K
}
Event: 10.618 GC heap before
{Heap before GC invocations=14 (full 1):
 PSYoungGen      total 109568K, used 91112K [0x00000000eab00000, 0x00000000f2480000, 0x0000000100000000)
  eden space 98816K, 81% used [0x00000000eab00000,0x00000000ef97aa48,0x00000000f0b80000)
  from space 10752K, 99% used [0x00000000f1800000,0x00000000f227f980,0x00000000f2280000)
  to   space 12800K, 0% used [0x00000000f0b80000,0x00000000f0b80000,0x00000000f1800000)
 ParOldGen       total 69120K, used 9474K [0x00000000c0000000, 0x00000000c4380000, 0x00000000eab00000)
  object space 69120K, 13% used [0x00000000c0000000,0x00000000c0940970,0x00000000c4380000)
 Metaspace       used 34434K, capacity 35452K, committed 35496K, reserved 1079296K
  class space    used 4611K, capacity 5031K, committed 5032K, reserved 1048576K
Event: 10.644 GC heap after
Heap after GC invocations=14 (full 1):
 PSYoungGen      total 111616K, used 12796K [0x00000000eab00000, 0x00000000f4580000, 0x0000000100000000)
  eden space 98816K, 0% used [0x00000000eab00000,0x00000000eab00000,0x00000000f0b80000)
  from space 12800K, 99% used [0x00000000f0b80000,0x00000000f17ff130,0x00000000f1800000)
  to   space 16896K, 0% used [0x00000000f3500000,0x00000000f3500000,0x00000000f4580000)
 ParOldGen       total 69120K, used 14197K [0x00000000c0000000, 0x00000000c4380000, 0x00000000eab00000)
  object space 69120K, 20% used [0x00000000c0000000,0x00000000c0ddd680,0x00000000c4380000)
 Metaspace       used 34434K, capacity 35452K, committed 35496K, reserved 1079296K
  class space    used 4611K, capacity 5031K, committed 5032K, reserved 1048576K
}
Event: 10.644 GC heap before
{Heap before GC invocations=15 (full 2):
 PSYoungGen      total 111616K, used 12796K [0x00000000eab00000, 0x00000000f4580000, 0x0000000100000000)
  eden space 98816K, 0% used [0x00000000eab00000,0x00000000eab00000,0x00000000f0b80000)
  from space 12800K, 99% used [0x00000000f0b80000,0x00000000f17ff130,0x00000000f1800000)
  to   space 16896K, 0% used [0x00000000f3500000,0x00000000f3500000,0x00000000f4580000)
 ParOldGen       total 69120K, used 14197K [0x00000000c0000000, 0x00000000c4380000, 0x00000000eab00000)
  object space 69120K, 20% used [0x00000000c0000000,0x00000000c0ddd680,0x00000000c4380000)
 Metaspace       used 34434K, capacity 35452K, committed 35496K, reserved 1079296K
  class space    used 4611K, capacity 5031K, committed 5032K, reserved 1048576K
Event: 10.790 GC heap after
Heap after GC invocations=15 (full 2):
 PSYoungGen      total 111616K, used 0K [0x00000000eab00000, 0x00000000f4580000, 0x0000000100000000)
  eden space 98816K, 0% used [0x00000000eab00000,0x00000000eab00000,0x00000000f0b80000)
  from space 12800K, 0% used [0x00000000f0b80000,0x00000000f0b80000,0x00000000f1800000)
  to   space 16896K, 0% used [0x00000000f3500000,0x00000000f3500000,0x00000000f4580000)
 ParOldGen       total 69120K, used 23856K [0x00000000c0000000, 0x00000000c4380000, 0x00000000eab00000)
  object space 69120K, 34% used [0x00000000c0000000,0x00000000c174c128,0x00000000c4380000)
 Metaspace       used 34400K, capacity 35338K, committed 35496K, reserved 1079296K
  class space    used 4605K, capacity 4997K, committed 5032K, reserved 1048576K
}

